BioNetGen version 2.3.1
Reading from file /Users/stepaniu/RuleBender-workspace/Motivating_example_cBNGL/Nair_KTH/Findsim_model/temp_3_alternative.bngl (level 0)
Read 181 parameters.
Read 1 compartments.
Read 105 molecule types.
Read 105 species.
Read 105 observable(s).
Read 2 functions.
Read 121 reaction rule(s).
ACTION: generate_network( temp_3_alternative )
Iteration   0:   105 species      0 rxns  0.00e+00 CPU s
Iteration   1:   105 species    174 rxns  5.10e-01 CPU s
Cumulative CPU time for each rule
Rule   1:     1 reactions 0.00e+00 CPU s 0.00e+00 CPU s/rxn
Rule   2:     1 reactions 1.00e-02 CPU s 1.00e-02 CPU s/rxn
Rule   3:     1 reactions 0.00e+00 CPU s 0.00e+00 CPU s/rxn
Rule   4:     2 reactions 1.00e-02 CPU s 5.00e-03 CPU s/rxn
Rule   5:     2 reactions 0.00e+00 CPU s 0.00e+00 CPU s/rxn
Rule   6:     2 reactions 1.00e-02 CPU s 5.00e-03 CPU s/rxn
Rule   7:     2 reactions 0.00e+00 CPU s 0.00e+00 CPU s/rxn
Rule   8:     2 reactions 1.00e-02 CPU s 5.00e-03 CPU s/rxn
Rule   9:     2 reactions 1.00e-02 CPU s 5.00e-03 CPU s/rxn
Rule  10:     2 reactions 0.00e+00 CPU s 0.00e+00 CPU s/rxn
Rule  11:     2 reactions 1.00e-02 CPU s 5.00e-03 CPU s/rxn
Rule  12:     2 reactions 1.00e-02 CPU s 5.00e-03 CPU s/rxn
Rule  13:     2 reactions 1.00e-02 CPU s 5.00e-03 CPU s/rxn
Rule  14:     2 reactions 0.00e+00 CPU s 0.00e+00 CPU s/rxn
Rule  15:     2 reactions 1.00e-02 CPU s 5.00e-03 CPU s/rxn
Rule  16:     1 reactions 0.00e+00 CPU s 0.00e+00 CPU s/rxn
Rule  17:     2 reactions 1.00e-02 CPU s 5.00e-03 CPU s/rxn
Rule  18:     1 reactions 1.00e-02 CPU s 1.00e-02 CPU s/rxn
Rule  19:     2 reactions 0.00e+00 CPU s 0.00e+00 CPU s/rxn
Rule  20:     1 reactions 1.00e-02 CPU s 1.00e-02 CPU s/rxn
Rule  21:     1 reactions 0.00e+00 CPU s 0.00e+00 CPU s/rxn
Rule  22:     2 reactions 0.00e+00 CPU s 0.00e+00 CPU s/rxn
Rule  23:     2 reactions 2.00e-02 CPU s 1.00e-02 CPU s/rxn
Rule  24:     1 reactions 0.00e+00 CPU s 0.00e+00 CPU s/rxn
Rule  25:     1 reactions 0.00e+00 CPU s 0.00e+00 CPU s/rxn
Rule  26:     1 reactions 0.00e+00 CPU s 0.00e+00 CPU s/rxn
Rule  27:     1 reactions 1.00e-02 CPU s 1.00e-02 CPU s/rxn
Rule  28:     2 reactions 0.00e+00 CPU s 0.00e+00 CPU s/rxn
Rule  29:     2 reactions 1.00e-02 CPU s 5.00e-03 CPU s/rxn
Rule  30:     1 reactions 0.00e+00 CPU s 0.00e+00 CPU s/rxn
Rule  31:     2 reactions 1.00e-02 CPU s 5.00e-03 CPU s/rxn
Rule  32:     2 reactions 0.00e+00 CPU s 0.00e+00 CPU s/rxn
Rule  33:     1 reactions 0.00e+00 CPU s 0.00e+00 CPU s/rxn
Rule  34:     2 reactions 1.00e-02 CPU s 5.00e-03 CPU s/rxn
Rule  35:     2 reactions 1.00e-02 CPU s 5.00e-03 CPU s/rxn
Rule  36:     2 reactions 0.00e+00 CPU s 0.00e+00 CPU s/rxn
Rule  37:     2 reactions 1.00e-02 CPU s 5.00e-03 CPU s/rxn
Rule  38:     1 reactions 0.00e+00 CPU s 0.00e+00 CPU s/rxn
Rule  39:     1 reactions 0.00e+00 CPU s 0.00e+00 CPU s/rxn
Rule  40:     1 reactions 0.00e+00 CPU s 0.00e+00 CPU s/rxn
Rule  41:     1 reactions 1.00e-02 CPU s 1.00e-02 CPU s/rxn
Rule  42:     1 reactions 0.00e+00 CPU s 0.00e+00 CPU s/rxn
Rule  43:     1 reactions 0.00e+00 CPU s 0.00e+00 CPU s/rxn
Rule  44:     1 reactions 0.00e+00 CPU s 0.00e+00 CPU s/rxn
Rule  45:     1 reactions 1.00e-02 CPU s 1.00e-02 CPU s/rxn
Rule  46:     1 reactions 0.00e+00 CPU s 0.00e+00 CPU s/rxn
Rule  47:     1 reactions 0.00e+00 CPU s 0.00e+00 CPU s/rxn
Rule  48:     1 reactions 1.00e-02 CPU s 1.00e-02 CPU s/rxn
Rule  49:     1 reactions 0.00e+00 CPU s 0.00e+00 CPU s/rxn
Rule  50:     1 reactions 0.00e+00 CPU s 0.00e+00 CPU s/rxn
Rule  51:     1 reactions 0.00e+00 CPU s 0.00e+00 CPU s/rxn
Rule  52:     1 reactions 1.00e-02 CPU s 1.00e-02 CPU s/rxn
Rule  53:     1 reactions 0.00e+00 CPU s 0.00e+00 CPU s/rxn
Rule  54:     1 reactions 0.00e+00 CPU s 0.00e+00 CPU s/rxn
Rule  55:     1 reactions 0.00e+00 CPU s 0.00e+00 CPU s/rxn
Rule  56:     2 reactions 1.00e-02 CPU s 5.00e-03 CPU s/rxn
Rule  57:     1 reactions 0.00e+00 CPU s 0.00e+00 CPU s/rxn
Rule  58:     2 reactions 1.00e-02 CPU s 5.00e-03 CPU s/rxn
Rule  59:     1 reactions 0.00e+00 CPU s 0.00e+00 CPU s/rxn
Rule  60:     2 reactions 0.00e+00 CPU s 0.00e+00 CPU s/rxn
Rule  61:     1 reactions 1.00e-02 CPU s 1.00e-02 CPU s/rxn
Rule  62:     2 reactions 0.00e+00 CPU s 0.00e+00 CPU s/rxn
Rule  63:     1 reactions 0.00e+00 CPU s 0.00e+00 CPU s/rxn
Rule  64:     2 reactions 1.00e-02 CPU s 5.00e-03 CPU s/rxn
Rule  65:     1 reactions 0.00e+00 CPU s 0.00e+00 CPU s/rxn
Rule  66:     2 reactions 1.00e-02 CPU s 5.00e-03 CPU s/rxn
Rule  67:     1 reactions 0.00e+00 CPU s 0.00e+00 CPU s/rxn
Rule  68:     2 reactions 1.00e-02 CPU s 5.00e-03 CPU s/rxn
Rule  69:     1 reactions 0.00e+00 CPU s 0.00e+00 CPU s/rxn
Rule  70:     2 reactions 0.00e+00 CPU s 0.00e+00 CPU s/rxn
Rule  71:     1 reactions 1.00e-02 CPU s 1.00e-02 CPU s/rxn
Rule  72:     2 reactions 0.00e+00 CPU s 0.00e+00 CPU s/rxn
Rule  73:     1 reactions 1.00e-02 CPU s 1.00e-02 CPU s/rxn
Rule  74:     2 reactions 1.00e-02 CPU s 5.00e-03 CPU s/rxn
Rule  75:     1 reactions 0.00e+00 CPU s 0.00e+00 CPU s/rxn
Rule  76:     2 reactions 1.00e-02 CPU s 5.00e-03 CPU s/rxn
Rule  77:     1 reactions 0.00e+00 CPU s 0.00e+00 CPU s/rxn
Rule  78:     2 reactions 1.00e-02 CPU s 5.00e-03 CPU s/rxn
Rule  79:     1 reactions 0.00e+00 CPU s 0.00e+00 CPU s/rxn
Rule  80:     2 reactions 0.00e+00 CPU s 0.00e+00 CPU s/rxn
Rule  81:     1 reactions 1.00e-02 CPU s 1.00e-02 CPU s/rxn
Rule  82:     2 reactions 0.00e+00 CPU s 0.00e+00 CPU s/rxn
Rule  83:     1 reactions 1.00e-02 CPU s 1.00e-02 CPU s/rxn
Rule  84:     2 reactions 0.00e+00 CPU s 0.00e+00 CPU s/rxn
Rule  85:     1 reactions 1.00e-02 CPU s 1.00e-02 CPU s/rxn
Rule  86:     2 reactions 0.00e+00 CPU s 0.00e+00 CPU s/rxn
Rule  87:     1 reactions 0.00e+00 CPU s 0.00e+00 CPU s/rxn
Rule  88:     2 reactions 1.00e-02 CPU s 5.00e-03 CPU s/rxn
Rule  89:     1 reactions 1.00e-02 CPU s 1.00e-02 CPU s/rxn
Rule  90:     2 reactions 0.00e+00 CPU s 0.00e+00 CPU s/rxn
Rule  91:     1 reactions 0.00e+00 CPU s 0.00e+00 CPU s/rxn
Rule  92:     2 reactions 1.00e-02 CPU s 5.00e-03 CPU s/rxn
Rule  93:     1 reactions 0.00e+00 CPU s 0.00e+00 CPU s/rxn
Rule  94:     2 reactions 1.00e-02 CPU s 5.00e-03 CPU s/rxn
Rule  95:     1 reactions 0.00e+00 CPU s 0.00e+00 CPU s/rxn
Rule  96:     2 reactions 0.00e+00 CPU s 0.00e+00 CPU s/rxn
Rule  97:     1 reactions 1.00e-02 CPU s 1.00e-02 CPU s/rxn
Rule  98:     1 reactions 0.00e+00 CPU s 0.00e+00 CPU s/rxn
Rule  99:     1 reactions 0.00e+00 CPU s 0.00e+00 CPU s/rxn
Rule 100:     1 reactions 0.00e+00 CPU s 0.00e+00 CPU s/rxn
Rule 101:     1 reactions 1.00e-02 CPU s 1.00e-02 CPU s/rxn
Rule 102:     1 reactions 0.00e+00 CPU s 0.00e+00 CPU s/rxn
Rule 103:     1 reactions 0.00e+00 CPU s 0.00e+00 CPU s/rxn
Rule 104:     1 reactions 0.00e+00 CPU s 0.00e+00 CPU s/rxn
Rule 105:     1 reactions 1.00e-02 CPU s 1.00e-02 CPU s/rxn
Rule 106:     2 reactions 0.00e+00 CPU s 0.00e+00 CPU s/rxn
Rule 107:     1 reactions 1.00e-02 CPU s 1.00e-02 CPU s/rxn
Rule 108:     2 reactions 0.00e+00 CPU s 0.00e+00 CPU s/rxn
Rule 109:     1 reactions 0.00e+00 CPU s 0.00e+00 CPU s/rxn
Rule 110:     2 reactions 1.00e-02 CPU s 5.00e-03 CPU s/rxn
Rule 111:     1 reactions 0.00e+00 CPU s 0.00e+00 CPU s/rxn
Rule 112:     2 reactions 1.00e-02 CPU s 5.00e-03 CPU s/rxn
Rule 113:     1 reactions 0.00e+00 CPU s 0.00e+00 CPU s/rxn
Rule 114:     2 reactions 1.00e-02 CPU s 5.00e-03 CPU s/rxn
Rule 115:     1 reactions 0.00e+00 CPU s 0.00e+00 CPU s/rxn
Rule 116:     2 reactions 1.00e-02 CPU s 5.00e-03 CPU s/rxn
Rule 117:     1 reactions 0.00e+00 CPU s 0.00e+00 CPU s/rxn
Rule 118:     2 reactions 0.00e+00 CPU s 0.00e+00 CPU s/rxn
Rule 119:     1 reactions 1.00e-02 CPU s 1.00e-02 CPU s/rxn
Rule 120:     2 reactions 0.00e+00 CPU s 0.00e+00 CPU s/rxn
Rule 121:     1 reactions 0.00e+00 CPU s 0.00e+00 CPU s/rxn
Total   :   174 reactions 5.10e-01 CPU s 2.93e-03 CPU s/rxn
Wrote network in net format to /Users/stepaniu/RuleBender-workspace/Motivating_example_cBNGL/results/temp_3_alternative/2021-03-03_19-12-54/temp_3_alternative.net.
CPU TIME: generate_network 0.78 s.
ACTION: simulate( method=>"ssa" )
Network simulation using ssa
WARNING: writeFile(): Overwriting existing file /Users/stepaniu/RuleBender-workspace/Motivating_example_cBNGL/results/temp_3_alternative/2021-03-03_19-12-54/temp_3_alternative.net.
Wrote network in net format to /Users/stepaniu/RuleBender-workspace/Motivating_example_cBNGL/results/temp_3_alternative/2021-03-03_19-12-54/temp_3_alternative.net.
Running run_network on bluebrain384.epfl.ch
full command: /Users/stepaniu/Applications/RuleBender-2.2.1-osx64/BioNetGen-2.3/bin/run_network -o /Users/stepaniu/RuleBender-workspace/Motivating_example_cBNGL/results/temp_3_alternative/2021-03-03_19-12-54/temp_3_alternative -p ssa -h 1736444565 --cdat 1 --fdat 0 -g /Users/stepaniu/RuleBender-workspace/Motivating_example_cBNGL/results/temp_3_alternative/2021-03-03_19-12-54/temp_3_alternative.net /Users/stepaniu/RuleBender-workspace/Motivating_example_cBNGL/results/temp_3_alternative/2021-03-03_19-12-54/temp_3_alternative.net 1 100
[simulation PID is: 90866]
run_network 3.0
Read 286 parameters
@Cell::$APC() is a fixed (boundaryCondition) variable
@Cell::$Inositol() is a fixed (boundaryCondition) variable
@Cell::$PC() is a fixed (boundaryCondition) variable
@Cell::$PIP2() is a fixed (boundaryCondition) variable
@Cell::$EGF() is a fixed (boundaryCondition) variable
@Cell::$Ca() is a fixed (boundaryCondition) variable
Read 105 species
Read 105 group(s) from /Users/stepaniu/RuleBender-workspace/Motivating_example_cBNGL/results/temp_3_alternative/2021-03-03_19-12-54/temp_3_alternative.net
Read 2 function(s)
Found species with index 0 at line 404: assuming this is the null species.
Found species with index 0 at line 471: assuming this is the null species.
Found species with index 0 at line 546: assuming this is the null species.
Found species with index 0 at line 550: assuming this is the null species.
Read 174 reaction(s)
174 reaction(s) have nonzero rate
rxn_rate_update_interval=1
Average number of update rxns is 7.02
Initialization took 0.02 CPU seconds
Stochastic simulation using direct Gillespie algorithm
TOTAL STEPS: 43017686        
Time course of concentrations written to file /Users/stepaniu/RuleBender-workspace/Motivating_example_cBNGL/results/temp_3_alternative/2021-03-03_19-12-54/temp_3_alternative.cdat.
Time course of groups written to file /Users/stepaniu/RuleBender-workspace/Motivating_example_cBNGL/results/temp_3_alternative/2021-03-03_19-12-54/temp_3_alternative.gdat.
Propagation took 6.99e+00 CPU seconds
Program times:  7.01 CPU s 8.00 clock s 
Updating species concentrations from /Users/stepaniu/RuleBender-workspace/Motivating_example_cBNGL/results/temp_3_alternative/2021-03-03_19-12-54/temp_3_alternative.cdat
CPU TIME: simulate 7.05 s.
ACTION: simulate( method=>"ssa" )
Network simulation using ssa
WARNING: writeFile(): Overwriting existing file /Users/stepaniu/RuleBender-workspace/Motivating_example_cBNGL/results/temp_3_alternative/2021-03-03_19-12-54/temp_3_alternative.net.
Wrote network in net format to /Users/stepaniu/RuleBender-workspace/Motivating_example_cBNGL/results/temp_3_alternative/2021-03-03_19-12-54/temp_3_alternative.net.
Running run_network on bluebrain384.epfl.ch
full command: /Users/stepaniu/Applications/RuleBender-2.2.1-osx64/BioNetGen-2.3/bin/run_network -o /Users/stepaniu/RuleBender-workspace/Motivating_example_cBNGL/results/temp_3_alternative/2021-03-03_19-12-54/temp_3_alternative -p ssa -h 2738523 --cdat 1 --fdat 0 -x -i 1.000000000000e+02 -g /Users/stepaniu/RuleBender-workspace/Motivating_example_cBNGL/results/temp_3_alternative/2021-03-03_19-12-54/temp_3_alternative.net /Users/stepaniu/RuleBender-workspace/Motivating_example_cBNGL/results/temp_3_alternative/2021-03-03_19-12-54/temp_3_alternative.net 1 2000
[simulation PID is: 90868]
run_network 3.0
Read 286 parameters
@Cell::$APC() is a fixed (boundaryCondition) variable
@Cell::$Inositol() is a fixed (boundaryCondition) variable
@Cell::$PC() is a fixed (boundaryCondition) variable
@Cell::$PIP2() is a fixed (boundaryCondition) variable
@Cell::$EGF() is a fixed (boundaryCondition) variable
@Cell::$Ca() is a fixed (boundaryCondition) variable
Read 105 species
Read 105 group(s) from /Users/stepaniu/RuleBender-workspace/Motivating_example_cBNGL/results/temp_3_alternative/2021-03-03_19-12-54/temp_3_alternative.net
Read 2 function(s)
Found species with index 0 at line 404: assuming this is the null species.
Found species with index 0 at line 471: assuming this is the null species.
Found species with index 0 at line 546: assuming this is the null species.
Found species with index 0 at line 550: assuming this is the null species.
Read 174 reaction(s)
174 reaction(s) have nonzero rate
rxn_rate_update_interval=1
Average number of update rxns is 7.02
Initialization took 0.02 CPU seconds
Stochastic simulation using direct Gillespie algorithm
TOTAL STEPS: 878738631       
Time course of concentrations written to file /Users/stepaniu/RuleBender-workspace/Motivating_example_cBNGL/results/temp_3_alternative/2021-03-03_19-12-54/temp_3_alternative.cdat.
Time course of groups written to file /Users/stepaniu/RuleBender-workspace/Motivating_example_cBNGL/results/temp_3_alternative/2021-03-03_19-12-54/temp_3_alternative.gdat.
Propagation took 1.53e+02 CPU seconds
Program times:  152.61 CPU s 189.00 clock s 
Updating species concentrations from /Users/stepaniu/RuleBender-workspace/Motivating_example_cBNGL/results/temp_3_alternative/2021-03-03_19-12-54/temp_3_alternative.cdat
CPU TIME: simulate 152.67 s.
Set concentration of species @Cell::EGF() to value 60.22
CPU TIME: setConcentration 0.01 s.
ACTION: simulate( method=>"ssa" )
Network simulation using ssa
WARNING: writeFile(): Overwriting existing file /Users/stepaniu/RuleBender-workspace/Motivating_example_cBNGL/results/temp_3_alternative/2021-03-03_19-12-54/temp_3_alternative.net.
Wrote network in net format to /Users/stepaniu/RuleBender-workspace/Motivating_example_cBNGL/results/temp_3_alternative/2021-03-03_19-12-54/temp_3_alternative.net.
Running run_network on bluebrain384.epfl.ch
full command: /Users/stepaniu/Applications/RuleBender-2.2.1-osx64/BioNetGen-2.3/bin/run_network -o /Users/stepaniu/RuleBender-workspace/Motivating_example_cBNGL/results/temp_3_alternative/2021-03-03_19-12-54/temp_3_alternative -p ssa -h 973602569 --cdat 1 --fdat 0 -x -i 2.100000000000e+03 -g /Users/stepaniu/RuleBender-workspace/Motivating_example_cBNGL/results/temp_3_alternative/2021-03-03_19-12-54/temp_3_alternative.net /Users/stepaniu/RuleBender-workspace/Motivating_example_cBNGL/results/temp_3_alternative/2021-03-03_19-12-54/temp_3_alternative.net 1 3000
[simulation PID is: 90876]
run_network 3.0
Read 286 parameters
@Cell::$APC() is a fixed (boundaryCondition) variable
@Cell::$Inositol() is a fixed (boundaryCondition) variable
@Cell::$PC() is a fixed (boundaryCondition) variable
@Cell::$PIP2() is a fixed (boundaryCondition) variable
@Cell::$EGF() is a fixed (boundaryCondition) variable
@Cell::$Ca() is a fixed (boundaryCondition) variable
Read 105 species
Read 105 group(s) from /Users/stepaniu/RuleBender-workspace/Motivating_example_cBNGL/results/temp_3_alternative/2021-03-03_19-12-54/temp_3_alternative.net
Read 2 function(s)
Found species with index 0 at line 404: assuming this is the null species.
Found species with index 0 at line 471: assuming this is the null species.
Found species with index 0 at line 546: assuming this is the null species.
Found species with index 0 at line 550: assuming this is the null species.
Read 174 reaction(s)
174 reaction(s) have nonzero rate
rxn_rate_update_interval=1
Average number of update rxns is 7.02
Initialization took 0.02 CPU seconds
Stochastic simulation using direct Gillespie algorithm
TOTAL STEPS: 1337164712      
Time course of concentrations written to file /Users/stepaniu/RuleBender-workspace/Motivating_example_cBNGL/results/temp_3_alternative/2021-03-03_19-12-54/temp_3_alternative.cdat.
Time course of groups written to file /Users/stepaniu/RuleBender-workspace/Motivating_example_cBNGL/results/temp_3_alternative/2021-03-03_19-12-54/temp_3_alternative.gdat.
Propagation took 2.69e+02 CPU seconds
Program times:  268.53 CPU s 351.00 clock s 
Updating species concentrations from /Users/stepaniu/RuleBender-workspace/Motivating_example_cBNGL/results/temp_3_alternative/2021-03-03_19-12-54/temp_3_alternative.cdat
CPU TIME: simulate 268.60 s.
Finished processing file /Users/stepaniu/RuleBender-workspace/Motivating_example_cBNGL/Nair_KTH/Findsim_model/temp_3_alternative.bngl.
CPU TIME: total 429.48 s.


